0 info it worked if it ends with ok
1 verbose cli [ 'node', '/usr/local/bin/npm', 'uninstall', '--save-dev', 'gulp' ]
2 info using npm@2.11.3
3 info using node@v0.12.7
4 verbose unbuild node_modules/gulp
5 info preuninstall gulp@3.9.0
6 info uninstall gulp@3.9.0
7 verbose unbuild rmStuff gulp@3.9.0 from /Users/nathantoddbatemanjr/Documents/nbateman/gulp-starter/node_modules
8 silly gentlyRm /Users/nathantoddbatemanjr/Documents/nbateman/gulp-starter/node_modules/.bin/gulp is being gently removed
9 silly gentlyRm verifying /Users/nathantoddbatemanjr/Documents/nbateman/gulp-starter is an npm working directory
10 silly gentlyRm containing path /Users/nathantoddbatemanjr/Documents/nbateman/gulp-starter is under npm's control, in /Users/nathantoddbatemanjr/Documents/nbateman/gulp-starter
11 silly gentlyRm deletion target /Users/nathantoddbatemanjr/Documents/nbateman/gulp-starter/node_modules/.bin/gulp is under /Users/nathantoddbatemanjr/Documents/nbateman/gulp-starter
12 verbose gentlyRm vacuuming from /Users/nathantoddbatemanjr/Documents/nbateman/gulp-starter/node_modules/.bin/gulp up to /Users/nathantoddbatemanjr/Documents/nbateman/gulp-starter
13 silly vacuum-fs removing /Users/nathantoddbatemanjr/Documents/nbateman/gulp-starter/node_modules/.bin/gulp
14 verbose stack Error: EACCES, unlink '/Users/nathantoddbatemanjr/Documents/nbateman/gulp-starter/node_modules/.bin/gulp'
14 verbose stack     at Error (native)
15 verbose cwd /Users/nathantoddbatemanjr/Documents/nbateman/gulp-starter/coh
16 error Darwin 14.5.0
17 error argv "node" "/usr/local/bin/npm" "uninstall" "--save-dev" "gulp"
18 error node v0.12.7
19 error npm  v2.11.3
20 error path /Users/nathantoddbatemanjr/Documents/nbateman/gulp-starter/node_modules/.bin/gulp
21 error code EACCES
22 error errno -13
23 error Error: EACCES, unlink '/Users/nathantoddbatemanjr/Documents/nbateman/gulp-starter/node_modules/.bin/gulp'
23 error     at Error (native)
23 error  { [Error: EACCES, unlink '/Users/nathantoddbatemanjr/Documents/nbateman/gulp-starter/node_modules/.bin/gulp']
23 error   errno: -13,
23 error   code: 'EACCES',
23 error   path: '/Users/nathantoddbatemanjr/Documents/nbateman/gulp-starter/node_modules/.bin/gulp' }
24 error Please try running this command again as root/Administrator.
25 verbose exit [ -13, true ]
